<?xml version="1.0" encoding="UTF-8"?>
<testng-results ignored="0" total="4" passed="4" failed="0" skipped="0">
  <reporter-output>
  </reporter-output>
  <suite started-at="2021-10-15T09:48:41 CDT" name="Default suite" finished-at="2021-10-15T09:48:43 CDT" duration-ms="2413">
    <groups>
    </groups>
    <test started-at="2021-10-15T09:48:41 CDT" name="Default test" finished-at="2021-10-15T09:48:43 CDT" duration-ms="2413">
      <class name="userApi.GetUser">
        <test-method signature="deleteUser()[pri:0, instance:userApi.GetUser@44a7bfbc]" started-at="2021-10-15T09:48:41 CDT" name="deleteUser" finished-at="2021-10-15T09:48:42 CDT" duration-ms="1523" status="PASS">
          <reporter-output>
          </reporter-output>
        </test-method> <!-- deleteUser -->
        <test-method signature="getUser()[pri:0, instance:userApi.GetUser@44a7bfbc]" started-at="2021-10-15T09:48:42 CDT" name="getUser" finished-at="2021-10-15T09:48:42 CDT" duration-ms="126" status="PASS">
          <reporter-output>
          </reporter-output>
        </test-method> <!-- getUser -->
        <test-method signature="patchUser()[pri:0, instance:userApi.GetUser@44a7bfbc]" started-at="2021-10-15T09:48:42 CDT" name="patchUser" finished-at="2021-10-15T09:48:43 CDT" duration-ms="403" status="PASS">
          <reporter-output>
          </reporter-output>
        </test-method> <!-- patchUser -->
        <test-method signature="postUser()[pri:0, instance:userApi.GetUser@44a7bfbc]" started-at="2021-10-15T09:48:43 CDT" name="postUser" finished-at="2021-10-15T09:48:43 CDT" duration-ms="323" status="PASS">
          <reporter-output>
          </reporter-output>
        </test-method> <!-- postUser -->
      </class> <!-- userApi.GetUser -->
    </test> <!-- Default test -->
  </suite> <!-- Default suite -->
</testng-results>
