<?xml version="1.0" encoding="UTF-8"?>
<!-- Generated by org.testng.reporters.JUnitXMLReporter -->
<testsuite ignored="0" hostname="ATHS-DELL" failures="0" tests="4" name="Default test" time="2.413" errors="0" timestamp="2021-10-15T09:48:43 CDT">
  <testcase classname="userApi.GetUser" name="deleteUser" time="1.523"/>
  <testcase classname="userApi.GetUser" name="getUser" time="0.126"/>
  <testcase classname="userApi.GetUser" name="patchUser" time="0.403"/>
  <testcase classname="userApi.GetUser" name="postUser" time="0.323"/>
</testsuite> <!-- Default test -->
