<?xml version="1.0" encoding="UTF-8"?>
<!-- Generated by org.testng.reporters.JUnitXMLReporter -->
<testsuite ignored="3" hostname="ATHS-DELL" failures="0" tests="1" name="Default test" time="1.578" errors="0" timestamp="2021-10-15T12:41:57 CDT">
  <testcase classname="sampleApi.BasicApiTest" name="UpdateUser" time="1.544"/>
  <testcase classname="sampleApi.BasicApiTest" name="creatUser" time="0.0">
    <ignored/>
  </testcase> <!-- creatUser -->
  <testcase classname="sampleApi.BasicApiTest" name="getusers" time="0.0">
    <ignored/>
  </testcase> <!-- getusers -->
  <testcase classname="sampleApi.BasicApiTest" name="getUser" time="0.0">
    <ignored/>
  </testcase> <!-- getUser -->
</testsuite> <!-- Default test -->
