<?xml version="1.0" encoding="UTF-8"?>
<testng-results ignored="3" total="4" passed="1" failed="0" skipped="0">
  <reporter-output>
    <line>
      <![CDATA[{"id":"265","createdAt":"2021-10-15T17:41:57.098Z"}]]>
    </line>
    <line>
      <![CDATA[HTTP/1.1 201 Created]]>
    </line>
  </reporter-output>
  <suite started-at="2021-10-15T12:41:55 CDT" name="Default suite" finished-at="2021-10-15T12:41:57 CDT" duration-ms="1578">
    <groups>
    </groups>
    <test started-at="2021-10-15T12:41:55 CDT" name="Default test" finished-at="2021-10-15T12:41:57 CDT" duration-ms="1578">
      <class name="sampleApi.BasicApiTest">
        <test-method signature="UpdateUser()[pri:0, instance:sampleApi.BasicApiTest@44a7bfbc]" started-at="2021-10-15T12:41:55 CDT" name="UpdateUser" finished-at="2021-10-15T12:41:57 CDT" duration-ms="1544" status="PASS">
          <reporter-output>
            <line>
              <![CDATA[{"id":"265","createdAt":"2021-10-15T17:41:57.098Z"}]]>
            </line>
            <line>
              <![CDATA[HTTP/1.1 201 Created]]>
            </line>
          </reporter-output>
        </test-method> <!-- UpdateUser -->
      </class> <!-- sampleApi.BasicApiTest -->
    </test> <!-- Default test -->
  </suite> <!-- Default suite -->
</testng-results>
